<?xml version="1.0" encoding="UTF-8"?>
<robot generator="Robot 5.0.1 (Python 3.10.7 on win32)" generated="20221012 21:25:23.495" rpa="false" schemaversion="3">
<suite id="s1" name="Tests" source="C:\Users\WimDeCuyperDigitOffi\IdeaProjects\robot_tests-main\robot_tests-main\Exercise 4\tests">
<suite id="s1-s1" name="01 SigningTest" source="C:\Users\WimDeCuyperDigitOffi\IdeaProjects\robot_tests-main\robot_tests-main\Exercise 4\tests\01_SigningTest.robot">
<kw name="Open My Website" library="basePage" type="SETUP">
<kw name="Open Browser" library="SeleniumLibrary">
<arg>${url}</arg>
<arg>${browser}</arg>
<doc>Opens a new browser instance to the optional ``url``.</doc>
<msg timestamp="20221012 21:25:24.009" level="INFO">Opening browser 'Google Chrome' to base url 'http://practice.automationtesting.in/'.</msg>
<status status="PASS" starttime="20221012 21:25:24.009" endtime="20221012 21:25:31.489"/>
</kw>
<status status="PASS" starttime="20221012 21:25:24.000" endtime="20221012 21:25:31.489"/>
</kw>
<test id="s1-s1-t1" name="Login Without Email Address" line="11">
<kw name="Click Element" library="SeleniumLibrary">
<arg>css:a[href='https://practice.automationtesting.in/my-account/']</arg>
<doc>Click the element identified by ``locator``.</doc>
<msg timestamp="20221012 21:25:31.489" level="INFO">Clicking element 'css:a[href='https://practice.automationtesting.in/my-account/']'.</msg>
<status status="PASS" starttime="20221012 21:25:31.489" endtime="20221012 21:25:33.270"/>
</kw>
<kw name="Sleep" library="BuiltIn">
<arg>1s</arg>
<doc>Pauses the test executed for the given time.</doc>
<msg timestamp="20221012 21:25:34.277" level="INFO">Slept 1 second</msg>
<status status="PASS" starttime="20221012 21:25:33.270" endtime="20221012 21:25:34.277"/>
</kw>
<kw name="Input Text" library="SeleniumLibrary">
<arg>css:#password</arg>
<arg>kakapipi</arg>
<doc>Types the given ``text`` into the text field identified by ``locator``.</doc>
<msg timestamp="20221012 21:25:34.277" level="INFO">Typing text 'kakapipi' into text field 'css:#password'.</msg>
<status status="PASS" starttime="20221012 21:25:34.277" endtime="20221012 21:25:34.420"/>
</kw>
<kw name="Sleep" library="BuiltIn">
<arg>1s</arg>
<doc>Pauses the test executed for the given time.</doc>
<msg timestamp="20221012 21:25:35.425" level="INFO">Slept 1 second</msg>
<status status="PASS" starttime="20221012 21:25:34.420" endtime="20221012 21:25:35.425"/>
</kw>
<kw name="Click Button" library="SeleniumLibrary">
<arg>css:input[value='Login']</arg>
<doc>Clicks the button identified by ``locator``.</doc>
<msg timestamp="20221012 21:25:35.425" level="INFO">Clicking button 'css:input[value='Login']'.</msg>
<status status="PASS" starttime="20221012 21:25:35.425" endtime="20221012 21:25:38.394"/>
</kw>
<kw name="Sleep" library="BuiltIn">
<arg>1s</arg>
<doc>Pauses the test executed for the given time.</doc>
<msg timestamp="20221012 21:25:39.400" level="INFO">Slept 1 second</msg>
<status status="PASS" starttime="20221012 21:25:38.394" endtime="20221012 21:25:39.400"/>
</kw>
<kw name="Element Text Should Be" library="SeleniumLibrary">
<arg>css:ul[class='woocommerce-error']</arg>
<arg>Error: Username is required.</arg>
<doc>Verifies that element ``locator`` contains exact the text ``expected``.</doc>
<msg timestamp="20221012 21:25:39.400" level="INFO">Verifying element 'css:ul[class='woocommerce-error']' contains exact text 'Error: Username is required.'.</msg>
<status status="PASS" starttime="20221012 21:25:39.400" endtime="20221012 21:25:39.440"/>
</kw>
<status status="PASS" starttime="20221012 21:25:31.489" endtime="20221012 21:25:39.440"/>
</test>
<test id="s1-s1-t2" name="Login With Unexisting Account" line="20">
<kw name="Click Element" library="SeleniumLibrary">
<arg>css:a[href='https://practice.automationtesting.in/my-account/']</arg>
<doc>Click the element identified by ``locator``.</doc>
<msg timestamp="20221012 21:25:39.440" level="INFO">Clicking element 'css:a[href='https://practice.automationtesting.in/my-account/']'.</msg>
<status status="PASS" starttime="20221012 21:25:39.440" endtime="20221012 21:25:40.520"/>
</kw>
<kw name="Sleep" library="BuiltIn">
<arg>1s</arg>
<doc>Pauses the test executed for the given time.</doc>
<msg timestamp="20221012 21:25:41.520" level="INFO">Slept 1 second</msg>
<status status="PASS" starttime="20221012 21:25:40.520" endtime="20221012 21:25:41.520"/>
</kw>
<kw name="Input Text" library="SeleniumLibrary">
<arg>css:#username</arg>
<arg>pipidoodoo</arg>
<doc>Types the given ``text`` into the text field identified by ``locator``.</doc>
<msg timestamp="20221012 21:25:41.520" level="INFO">Typing text 'pipidoodoo' into text field 'css:#username'.</msg>
<status status="PASS" starttime="20221012 21:25:41.520" endtime="20221012 21:25:41.630"/>
</kw>
<kw name="Sleep" library="BuiltIn">
<arg>1s</arg>
<doc>Pauses the test executed for the given time.</doc>
<msg timestamp="20221012 21:25:42.645" level="INFO">Slept 1 second</msg>
<status status="PASS" starttime="20221012 21:25:41.630" endtime="20221012 21:25:42.645"/>
</kw>
<kw name="Input Text" library="SeleniumLibrary">
<arg>css:#password</arg>
<arg>kakapipi</arg>
<doc>Types the given ``text`` into the text field identified by ``locator``.</doc>
<msg timestamp="20221012 21:25:42.645" level="INFO">Typing text 'kakapipi' into text field 'css:#password'.</msg>
<msg timestamp="20221012 21:26:03.435" level="WARN">Keyword 'Capture Page Screenshot' could not be run on failure: Message: chrome not reachable
  (Session info: chrome=105.0.5195.127)
Stacktrace:
Backtrace:
	Ordinal0 [0x0047DF13+2219795]
	Ordinal0 [0x00412841+1779777]
	Ordinal0 [0x00324100+803072]
	Ordinal0 [0x00319BF2+760818]
	Ordinal0 [0x0030CD35+707893]
	Ordinal0 [0x00311122+725282]
	Ordinal0 [0x00315699+743065]
	Ordinal0 [0x00325610+808464]
	Ordinal0 [0x0037E93A+1173818]
	Ordinal0 [0x0036E616+1107478]
	Ordinal0 [0x00347F89+950153]
	Ordinal0 [0x00348F56+954198]
	GetHandleVerifier [0x00772CB2+3040210]
	GetHandleVerifier [0x00762BB4+2974420]
	GetHandleVerifier [0x00516A0A+565546]
	GetHandleVerifier [0x00515680+560544]
	Ordinal0 [0x00419A5C+1808988]
	Ordinal0 [0x0041E3A8+1827752]
	Ordinal0 [0x0041E495+1827989]
	Ordinal0 [0x004280A4+1867940]
	BaseThreadInitThunk [0x767FFA29+25]
	RtlGetAppContainerNamedObjectPath [0x773D7B5E+286]
	RtlGetAppContainerNamedObjectPath [0x773D7B2E+238]
</msg>
<msg timestamp="20221012 21:26:03.450" level="FAIL">WebDriverException: Message: chrome not reachable
  (Session info: chrome=105.0.5195.127)
Stacktrace:
Backtrace:
	Ordinal0 [0x0047DF13+2219795]
	Ordinal0 [0x00412841+1779777]
	Ordinal0 [0x00324100+803072]
	Ordinal0 [0x00319BF2+760818]
	Ordinal0 [0x0030CD35+707893]
	Ordinal0 [0x00311122+725282]
	Ordinal0 [0x00315699+743065]
	Ordinal0 [0x00325610+808464]
	Ordinal0 [0x0037E93A+1173818]
	Ordinal0 [0x0036E616+1107478]
	Ordinal0 [0x00347F89+950153]
	Ordinal0 [0x00348F56+954198]
	GetHandleVerifier [0x00772CB2+3040210]
	GetHandleVerifier [0x00762BB4+2974420]
	GetHandleVerifier [0x00516A0A+565546]
	GetHandleVerifier [0x00515680+560544]
	Ordinal0 [0x00419A5C+1808988]
	Ordinal0 [0x0041E3A8+1827752]
	Ordinal0 [0x0041E495+1827989]
	Ordinal0 [0x004280A4+1867940]
	BaseThreadInitThunk [0x767FFA29+25]
	RtlGetAppContainerNamedObjectPath [0x773D7B5E+286]
	RtlGetAppContainerNamedObjectPath [0x773D7B2E+238]
</msg>
<status status="FAIL" starttime="20221012 21:25:42.645" endtime="20221012 21:26:03.880"/>
</kw>
<kw name="Sleep" library="BuiltIn">
<arg>1s</arg>
<doc>Pauses the test executed for the given time.</doc>
<status status="NOT RUN" starttime="20221012 21:26:03.885" endtime="20221012 21:26:03.885"/>
</kw>
<kw name="Click Button" library="SeleniumLibrary">
<arg>css:input[value='Login']</arg>
<doc>Clicks the button identified by ``locator``.</doc>
<status status="NOT RUN" starttime="20221012 21:26:03.885" endtime="20221012 21:26:03.885"/>
</kw>
<kw name="Sleep" library="BuiltIn">
<arg>1s</arg>
<doc>Pauses the test executed for the given time.</doc>
<status status="NOT RUN" starttime="20221012 21:26:03.888" endtime="20221012 21:26:03.888"/>
</kw>
<kw name="Element Text Should Be" library="SeleniumLibrary">
<arg>css:ul[class='woocommerce-error']</arg>
<arg>Error: the username pipidoodoo is not registered on this site. If you are unsure of your username, try your email address instead.</arg>
<doc>Verifies that element ``locator`` contains exact the text ``expected``.</doc>
<status status="NOT RUN" starttime="20221012 21:26:03.890" endtime="20221012 21:26:03.890"/>
</kw>
<status status="FAIL" starttime="20221012 21:25:39.440" endtime="20221012 21:26:03.890">WebDriverException: Message: chrome not reachable
  (Session info: chrome=105.0.5195.127)
Stacktrace:
Backtrace:
	Ordinal0 [0x0047DF13+2219795]
	Ordinal0 [0x00412841+1779777]
	Ordinal0 [0x00324100+803072]
	Ordinal0 [0x00319BF2+760818]
	Ordinal0 [0x0030CD35+707893]
	Ordinal0 [0x00311122+725282]
	Ordinal0 [0x00315699+743065]
	Ordinal0 [0x00325610+808464]
	Ordinal0 [0x0037E93A+1173818]
	Ordinal0 [0x0036E616+1107478]
	Ordinal0 [0x00347F89+950153]
	Ordinal0 [0x00348F56+954198]
	GetHandleVerifier [0x00772CB2+3040210]
	GetHandleVerifier [0x00762BB4+2974420]
	GetHandleVerifier [0x00516A0A+565546]
	GetHandleVerifier [0x00515680+560544]
	Ordinal0 [0x00419A5C+1808988]
	Ordinal0 [0x0041E3A8+1827752]
	Ordinal0 [0x0041E495+1827989]
	Ordinal0 [0x004280A4+1867940]
	BaseThreadInitThunk [0x767FFA29+25]
	RtlGetAppContainerNamedObjectPath [0x773D7B5E+286]
	RtlGetAppContainerNamedObjectPath [0x773D7B2E+238]
</status>
</test>
<test id="s1-s1-t3" name="Login Without Password" line="31">
<kw name="Click Element" library="SeleniumLibrary">
<arg>css:a[href='https://practice.automationtesting.in/my-account/']</arg>
<doc>Click the element identified by ``locator``.</doc>
<msg timestamp="20221012 21:26:03.900" level="INFO">Clicking element 'css:a[href='https://practice.automationtesting.in/my-account/']'.</msg>
<msg timestamp="20221012 21:26:24.691" level="WARN">Keyword 'Capture Page Screenshot' could not be run on failure: Message: chrome not reachable
  (Session info: chrome=105.0.5195.127)
Stacktrace:
Backtrace:
	Ordinal0 [0x0047DF13+2219795]
	Ordinal0 [0x00412841+1779777]
	Ordinal0 [0x00324100+803072]
	Ordinal0 [0x00319BF2+760818]
	Ordinal0 [0x0030CD35+707893]
	Ordinal0 [0x00311122+725282]
	Ordinal0 [0x00315699+743065]
	Ordinal0 [0x00325610+808464]
	Ordinal0 [0x0037E93A+1173818]
	Ordinal0 [0x0036E616+1107478]
	Ordinal0 [0x00347F89+950153]
	Ordinal0 [0x00348F56+954198]
	GetHandleVerifier [0x00772CB2+3040210]
	GetHandleVerifier [0x00762BB4+2974420]
	GetHandleVerifier [0x00516A0A+565546]
	GetHandleVerifier [0x00515680+560544]
	Ordinal0 [0x00419A5C+1808988]
	Ordinal0 [0x0041E3A8+1827752]
	Ordinal0 [0x0041E495+1827989]
	Ordinal0 [0x004280A4+1867940]
	BaseThreadInitThunk [0x767FFA29+25]
	RtlGetAppContainerNamedObjectPath [0x773D7B5E+286]
	RtlGetAppContainerNamedObjectPath [0x773D7B2E+238]
</msg>
<msg timestamp="20221012 21:26:24.691" level="FAIL">WebDriverException: Message: chrome not reachable
  (Session info: chrome=105.0.5195.127)
Stacktrace:
Backtrace:
	Ordinal0 [0x0047DF13+2219795]
	Ordinal0 [0x00412841+1779777]
	Ordinal0 [0x00324100+803072]
	Ordinal0 [0x00319BF2+760818]
	Ordinal0 [0x0030CD35+707893]
	Ordinal0 [0x00311122+725282]
	Ordinal0 [0x00315699+743065]
	Ordinal0 [0x00325610+808464]
	Ordinal0 [0x0037E93A+1173818]
	Ordinal0 [0x0036E616+1107478]
	Ordinal0 [0x00347F89+950153]
	Ordinal0 [0x00348F56+954198]
	GetHandleVerifier [0x00772CB2+3040210]
	GetHandleVerifier [0x00762BB4+2974420]
	GetHandleVerifier [0x00516A0A+565546]
	GetHandleVerifier [0x00515680+560544]
	Ordinal0 [0x00419A5C+1808988]
	Ordinal0 [0x0041E3A8+1827752]
	Ordinal0 [0x0041E495+1827989]
	Ordinal0 [0x004280A4+1867940]
	BaseThreadInitThunk [0x767FFA29+25]
	RtlGetAppContainerNamedObjectPath [0x773D7B5E+286]
	RtlGetAppContainerNamedObjectPath [0x773D7B2E+238]
</msg>
<status status="FAIL" starttime="20221012 21:26:03.900" endtime="20221012 21:26:24.699"/>
</kw>
<kw name="Sleep" library="BuiltIn">
<arg>1s</arg>
<doc>Pauses the test executed for the given time.</doc>
<status status="NOT RUN" starttime="20221012 21:26:24.699" endtime="20221012 21:26:24.699"/>
</kw>
<kw name="Input Text" library="SeleniumLibrary">
<arg>css:#username</arg>
<arg>pipidoodoo</arg>
<doc>Types the given ``text`` into the text field identified by ``locator``.</doc>
<status status="NOT RUN" starttime="20221012 21:26:24.699" endtime="20221012 21:26:24.699"/>
</kw>
<kw name="Sleep" library="BuiltIn">
<arg>1s</arg>
<doc>Pauses the test executed for the given time.</doc>
<status status="NOT RUN" starttime="20221012 21:26:24.699" endtime="20221012 21:26:24.699"/>
</kw>
<kw name="Click Button" library="SeleniumLibrary">
<arg>css:input[value='Login']</arg>
<doc>Clicks the button identified by ``locator``.</doc>
<status status="NOT RUN" starttime="20221012 21:26:24.699" endtime="20221012 21:26:24.699"/>
</kw>
<kw name="Sleep" library="BuiltIn">
<arg>1s</arg>
<doc>Pauses the test executed for the given time.</doc>
<status status="NOT RUN" starttime="20221012 21:26:24.699" endtime="20221012 21:26:24.699"/>
</kw>
<kw name="Element Text Should Be" library="SeleniumLibrary">
<arg>css:ul[class='woocommerce-error']</arg>
<arg>Error: Password is required.</arg>
<doc>Verifies that element ``locator`` contains exact the text ``expected``.</doc>
<status status="NOT RUN" starttime="20221012 21:26:24.699" endtime="20221012 21:26:24.699"/>
</kw>
<status status="FAIL" starttime="20221012 21:26:03.898" endtime="20221012 21:26:24.707">WebDriverException: Message: chrome not reachable
  (Session info: chrome=105.0.5195.127)
Stacktrace:
Backtrace:
	Ordinal0 [0x0047DF13+2219795]
	Ordinal0 [0x00412841+1779777]
	Ordinal0 [0x00324100+803072]
	Ordinal0 [0x00319BF2+760818]
	Ordinal0 [0x0030CD35+707893]
	Ordinal0 [0x00311122+725282]
	Ordinal0 [0x00315699+743065]
	Ordinal0 [0x00325610+808464]
	Ordinal0 [0x0037E93A+1173818]
	Ordinal0 [0x0036E616+1107478]
	Ordinal0 [0x00347F89+950153]
	Ordinal0 [0x00348F56+954198]
	GetHandleVerifier [0x00772CB2+3040210]
	GetHandleVerifier [0x00762BB4+2974420]
	GetHandleVerifier [0x00516A0A+565546]
	GetHandleVerifier [0x00515680+560544]
	Ordinal0 [0x00419A5C+1808988]
	Ordinal0 [0x0041E3A8+1827752]
	Ordinal0 [0x0041E495+1827989]
	Ordinal0 [0x004280A4+1867940]
	BaseThreadInitThunk [0x767FFA29+25]
	RtlGetAppContainerNamedObjectPath [0x773D7B5E+286]
	RtlGetAppContainerNamedObjectPath [0x773D7B2E+238]
</status>
</test>
<kw name="Close Browser" library="SeleniumLibrary" type="TEARDOWN">
<doc>Closes the current browser.</doc>
<status status="PASS" starttime="20221012 21:26:24.715" endtime="20221012 21:26:26.900"/>
</kw>
<status status="FAIL" starttime="20221012 21:25:23.540" endtime="20221012 21:26:26.900"/>
</suite>
<suite id="s1-s2" name="02 RegisterTest" source="C:\Users\WimDeCuyperDigitOffi\IdeaProjects\robot_tests-main\robot_tests-main\Exercise 4\tests\02_RegisterTest.robot">
<kw name="Open My Website" library="basePage" type="SETUP">
<kw name="Open Browser" library="SeleniumLibrary">
<arg>${url}</arg>
<arg>${browser}</arg>
<doc>Opens a new browser instance to the optional ``url``.</doc>
<msg timestamp="20221012 21:26:26.925" level="INFO">Opening browser 'Google Chrome' to base url 'http://practice.automationtesting.in/'.</msg>
<status status="PASS" starttime="20221012 21:26:26.925" endtime="20221012 21:26:33.328"/>
</kw>
<status status="PASS" starttime="20221012 21:26:26.925" endtime="20221012 21:26:33.329"/>
</kw>
<test id="s1-s2-t1" name="Register without email" line="11">
<kw name="Click Element" library="SeleniumLibrary">
<arg>css:a[href='https://practice.automationtesting.in/my-account/']</arg>
<doc>Click the element identified by ``locator``.</doc>
<msg timestamp="20221012 21:26:33.329" level="INFO">Clicking element 'css:a[href='https://practice.automationtesting.in/my-account/']'.</msg>
<status status="PASS" starttime="20221012 21:26:33.329" endtime="20221012 21:26:33.421"/>
</kw>
<kw name="Sleep" library="BuiltIn">
<arg>1s</arg>
<doc>Pauses the test executed for the given time.</doc>
<msg timestamp="20221012 21:26:34.430" level="INFO">Slept 1 second</msg>
<status status="PASS" starttime="20221012 21:26:33.429" endtime="20221012 21:26:34.430"/>
</kw>
<kw name="Input Text" library="SeleniumLibrary">
<arg>css:#reg_password</arg>
<arg>Register12345678!</arg>
<doc>Types the given ``text`` into the text field identified by ``locator``.</doc>
<msg timestamp="20221012 21:26:34.434" level="INFO">Typing text 'Register12345678!' into text field 'css:#reg_password'.</msg>
<msg timestamp="20221012 21:26:34.739" level="INFO" html="true">&lt;/td&gt;&lt;/tr&gt;&lt;tr&gt;&lt;td colspan="3"&gt;&lt;a href="selenium-screenshot-7.png"&gt;&lt;img src="selenium-screenshot-7.png" width="800px"&gt;&lt;/a&gt;</msg>
<msg timestamp="20221012 21:26:34.739" level="FAIL">Element with locator 'css:#reg_password' not found.</msg>
<status status="FAIL" starttime="20221012 21:26:34.434" endtime="20221012 21:26:34.739"/>
</kw>
<kw name="Sleep" library="BuiltIn">
<arg>1s</arg>
<doc>Pauses the test executed for the given time.</doc>
<status status="NOT RUN" starttime="20221012 21:26:34.739" endtime="20221012 21:26:34.739"/>
</kw>
<kw name="Click Element" library="SeleniumLibrary">
<arg>css:input[value='Register']</arg>
<doc>Click the element identified by ``locator``.</doc>
<status status="NOT RUN" starttime="20221012 21:26:34.739" endtime="20221012 21:26:34.739"/>
</kw>
<kw name="Sleep" library="BuiltIn">
<arg>1s</arg>
<doc>Pauses the test executed for the given time.</doc>
<status status="NOT RUN" starttime="20221012 21:26:34.747" endtime="20221012 21:26:34.747"/>
</kw>
<kw name="Element Text Should Be" library="SeleniumLibrary">
<arg>css:ul[class='woocommerce-error'] li</arg>
<arg>Error: Please provide a valid email address.</arg>
<doc>Verifies that element ``locator`` contains exact the text ``expected``.</doc>
<status status="NOT RUN" starttime="20221012 21:26:34.747" endtime="20221012 21:26:34.747"/>
</kw>
<kw name="Sleep" library="BuiltIn">
<arg>1s</arg>
<doc>Pauses the test executed for the given time.</doc>
<status status="NOT RUN" starttime="20221012 21:26:34.747" endtime="20221012 21:26:34.747"/>
</kw>
<status status="FAIL" starttime="20221012 21:26:33.329" endtime="20221012 21:26:34.747">Element with locator 'css:#reg_password' not found.</status>
</test>
<test id="s1-s2-t2" name="Register without password" line="21">
<kw name="Click Element" library="SeleniumLibrary">
<arg>css:a[href='https://practice.automationtesting.in/my-account/']</arg>
<doc>Click the element identified by ``locator``.</doc>
<msg timestamp="20221012 21:26:34.747" level="INFO">Clicking element 'css:a[href='https://practice.automationtesting.in/my-account/']'.</msg>
<msg timestamp="20221012 21:26:36.100" level="INFO" html="true">&lt;/td&gt;&lt;/tr&gt;&lt;tr&gt;&lt;td colspan="3"&gt;&lt;a href="selenium-screenshot-8.png"&gt;&lt;img src="selenium-screenshot-8.png" width="800px"&gt;&lt;/a&gt;</msg>
<msg timestamp="20221012 21:26:36.100" level="FAIL">ElementClickInterceptedException: Message: element click intercepted: Element &lt;a href="https://practice.automationtesting.in/my-account/"&gt;...&lt;/a&gt; is not clickable at point (572, 35). Other element would receive the click: &lt;iframe id="aswift_7" name="aswift_7" style="width: 100vw !important; height: 100vh !important; inset: 0px auto auto 0px !important; position: absolute !important; clear: none !important; display: inline !important; float: none !important; margin: 0px !important; max-height: none !important; max-width: none !important; opacity: 1 !important; overflow: visible !important; padding: 0px !important; vertical-align: baseline !important; visibility: visible !important; z-index: auto !important;" sandbox="allow-forms allow-popups allow-popups-to-escape-sandbox allow-same-origin allow-scripts allow-top-navigation-by-user-activation" width="" height="" frameborder="0" marginwidth="0" marginheight="0" vspace="0" hspace="0" allowtransparency="true" scrolling="no" src="https://googleads.g.doubleclick.net/pagead/html/r20221010/r20110914/zrt_lookup.html?fsb=1#RS-0-&amp;amp;adk=1812271808&amp;amp;client=ca-pub-9173866185064071&amp;amp;fa=8&amp;amp;ifi=8&amp;amp;uci=a!8&amp;amp;xpc=FceCNTv6fH&amp;amp;p=https%3A//practice.automationtesting.in" data-google-container-id="a!8" data-google-query-id="CKaczvW12_oCFVLQfAodiJ0PYg" data-load-complete="true"&gt;&lt;/iframe&gt;
  (Session info: chrome=105.0.5195.127)
Stacktrace:
Backtrace:
	Ordinal0 [0x0047DF13+2219795]
	Ordinal0 [0x00412841+1779777]
	Ordinal0 [0x0032423D+803389]
	Ordinal0 [0x003599D4+1022420]
	Ordinal0 [0x003578C4+1013956]
	Ordinal0 [0x003554AB+1004715]
	Ordinal0 [0x00354117+999703]
	Ordinal0 [0x00349B76+957302]
	Ordinal0 [0x0036E7FC+1107964]
	Ordinal0 [0x003494B4+955572]
	Ordinal0 [0x0036EA14+1108500]
	Ordinal0 [0x0037F192+1175954]
	Ordinal0 [0x0036E616+1107478]
	Ordinal0 [0x00347F89+950153]
	Ordinal0 [0x00348F56+954198]
	GetHandleVerifier [0x00772CB2+3040210]
	GetHandleVerifier [0x00762BB4+2974420]
	GetHandleVerifier [0x00516A0A+565546]
	GetHandleVerifier [0x00515680+560544]
	Ordinal0 [0x00419A5C+1808988]
	Ordinal0 [0x0041E3A8+1827752]
	Ordinal0 [0x0041E495+1827989]
	Ordinal0 [0x004280A4+1867940]
	BaseThreadInitThunk [0x767FFA29+25]
	RtlGetAppContainerNamedObjectPath [0x773D7B5E+286]
	RtlGetAppContainerNamedObjectPath [0x773D7B2E+238]
</msg>
<status status="FAIL" starttime="20221012 21:26:34.747" endtime="20221012 21:26:36.270"/>
</kw>
<kw name="Sleep" library="BuiltIn">
<arg>1s</arg>
<doc>Pauses the test executed for the given time.</doc>
<status status="NOT RUN" starttime="20221012 21:26:36.270" endtime="20221012 21:26:36.270"/>
</kw>
<kw name="Input Text" library="SeleniumLibrary">
<arg>css:#reg_email</arg>
<arg>DangerZoner69@hetemail.kom</arg>
<doc>Types the given ``text`` into the text field identified by ``locator``.</doc>
<status status="NOT RUN" starttime="20221012 21:26:36.270" endtime="20221012 21:26:36.270"/>
</kw>
<kw name="Sleep" library="BuiltIn">
<arg>1s</arg>
<doc>Pauses the test executed for the given time.</doc>
<status status="NOT RUN" starttime="20221012 21:26:36.270" endtime="20221012 21:26:36.270"/>
</kw>
<kw name="Click Element" library="SeleniumLibrary">
<arg>css:input[value='Register']</arg>
<doc>Click the element identified by ``locator``.</doc>
<status status="NOT RUN" starttime="20221012 21:26:36.270" endtime="20221012 21:26:36.270"/>
</kw>
<kw name="Sleep" library="BuiltIn">
<arg>1s</arg>
<doc>Pauses the test executed for the given time.</doc>
<status status="NOT RUN" starttime="20221012 21:26:36.270" endtime="20221012 21:26:36.270"/>
</kw>
<kw name="Element Text Should Be" library="SeleniumLibrary">
<arg>css:ul[class='woocommerce-error'] li</arg>
<arg>Error: Please enter an account password.</arg>
<doc>Verifies that element ``locator`` contains exact the text ``expected``.</doc>
<status status="NOT RUN" starttime="20221012 21:26:36.270" endtime="20221012 21:26:36.270"/>
</kw>
<kw name="Sleep" library="BuiltIn">
<arg>1s</arg>
<doc>Pauses the test executed for the given time.</doc>
<status status="NOT RUN" starttime="20221012 21:26:36.280" endtime="20221012 21:26:36.280"/>
</kw>
<status status="FAIL" starttime="20221012 21:26:34.747" endtime="20221012 21:26:36.280">ElementClickInterceptedException: Message: element click intercepted: Element &lt;a href="https://practice.automationtesting.in/my-account/"&gt;...&lt;/a&gt; is not clickable at point (572, 35). Other element would receive the click: &lt;iframe id="aswift_7" name="aswift_7" style="width: 100vw !important; height: 100vh !important; inset: 0px auto auto 0px !important; position: absolute !important; clear: none !important; display: inline !important; float: none !important; margin: 0px !important; max-height: none !important; max-width: none !important; opacity: 1 !important; overflow: visible !important; padding: 0px !important; vertical-align: baseline !important; visibility: visible !important; z-index: auto !important;" sandbox="allow-forms allow-popups allow-popups-to-escape-sandbox allow-same-origin allow-scripts allow-top-navigation-by-user-activation" width="" height="" frameborder="0" marginwidth="0" marginheight="0" vspace="0" hspace="0" allowtransparency="true" scrolling="no" src="https://googleads.g.doubleclick.net/pagead/html/r20221010/r20110914/zrt_lookup.html?fsb=1#RS-0-&amp;amp;adk=1812271808&amp;amp;client=ca-pub-9173866185064071&amp;amp;fa=8&amp;amp;ifi=8&amp;amp;uci=a!8&amp;amp;xpc=FceCNTv6fH&amp;amp;p=https%3A//practice.automationtesting.in" data-google-container-id="a!8" data-google-query-id="CKaczvW12_oCFVLQfAodiJ0PYg" data-load-complete="true"&gt;&lt;/iframe&gt;
  (Session info: chrome=105.0.5195.127)
Stacktrace:
    [ Message content over the limit has been removed. ]
	Ordinal0 [0x00354117+999703]
	Ordinal0 [0x00349B76+957302]
	Ordinal0 [0x0036E7FC+1107964]
	Ordinal0 [0x003494B4+955572]
	Ordinal0 [0x0036EA14+1108500]
	Ordinal0 [0x0037F192+1175954]
	Ordinal0 [0x0036E616+1107478]
	Ordinal0 [0x00347F89+950153]
	Ordinal0 [0x00348F56+954198]
	GetHandleVerifier [0x00772CB2+3040210]
	GetHandleVerifier [0x00762BB4+2974420]
	GetHandleVerifier [0x00516A0A+565546]
	GetHandleVerifier [0x00515680+560544]
	Ordinal0 [0x00419A5C+1808988]
	Ordinal0 [0x0041E3A8+1827752]
	Ordinal0 [0x0041E495+1827989]
	Ordinal0 [0x004280A4+1867940]
	BaseThreadInitThunk [0x767FFA29+25]
	RtlGetAppContainerNamedObjectPath [0x773D7B5E+286]
	RtlGetAppContainerNamedObjectPath [0x773D7B2E+238]</status>
</test>
<kw name="Close Browser" library="SeleniumLibrary" type="TEARDOWN">
<doc>Closes the current browser.</doc>
<status status="PASS" starttime="20221012 21:26:36.280" endtime="20221012 21:26:38.429"/>
</kw>
<status status="FAIL" starttime="20221012 21:26:26.900" endtime="20221012 21:26:38.429"/>
</suite>
<status status="FAIL" starttime="20221012 21:25:23.500" endtime="20221012 21:26:38.429"/>
</suite>
<statistics>
<total>
<stat pass="1" fail="4" skip="0">All Tests</stat>
</total>
<tag>
</tag>
<suite>
<stat pass="1" fail="4" skip="0" id="s1" name="Tests">Tests</stat>
<stat pass="1" fail="2" skip="0" id="s1-s1" name="01 SigningTest">Tests.01 SigningTest</stat>
<stat pass="0" fail="2" skip="0" id="s1-s2" name="02 RegisterTest">Tests.02 RegisterTest</stat>
</suite>
</statistics>
<errors>
<msg timestamp="20221012 21:26:03.435" level="WARN">Keyword 'Capture Page Screenshot' could not be run on failure: Message: chrome not reachable
  (Session info: chrome=105.0.5195.127)
Stacktrace:
Backtrace:
	Ordinal0 [0x0047DF13+2219795]
	Ordinal0 [0x00412841+1779777]
	Ordinal0 [0x00324100+803072]
	Ordinal0 [0x00319BF2+760818]
	Ordinal0 [0x0030CD35+707893]
	Ordinal0 [0x00311122+725282]
	Ordinal0 [0x00315699+743065]
	Ordinal0 [0x00325610+808464]
	Ordinal0 [0x0037E93A+1173818]
	Ordinal0 [0x0036E616+1107478]
	Ordinal0 [0x00347F89+950153]
	Ordinal0 [0x00348F56+954198]
	GetHandleVerifier [0x00772CB2+3040210]
	GetHandleVerifier [0x00762BB4+2974420]
	GetHandleVerifier [0x00516A0A+565546]
	GetHandleVerifier [0x00515680+560544]
	Ordinal0 [0x00419A5C+1808988]
	Ordinal0 [0x0041E3A8+1827752]
	Ordinal0 [0x0041E495+1827989]
	Ordinal0 [0x004280A4+1867940]
	BaseThreadInitThunk [0x767FFA29+25]
	RtlGetAppContainerNamedObjectPath [0x773D7B5E+286]
	RtlGetAppContainerNamedObjectPath [0x773D7B2E+238]
</msg>
<msg timestamp="20221012 21:26:24.691" level="WARN">Keyword 'Capture Page Screenshot' could not be run on failure: Message: chrome not reachable
  (Session info: chrome=105.0.5195.127)
Stacktrace:
Backtrace:
	Ordinal0 [0x0047DF13+2219795]
	Ordinal0 [0x00412841+1779777]
	Ordinal0 [0x00324100+803072]
	Ordinal0 [0x00319BF2+760818]
	Ordinal0 [0x0030CD35+707893]
	Ordinal0 [0x00311122+725282]
	Ordinal0 [0x00315699+743065]
	Ordinal0 [0x00325610+808464]
	Ordinal0 [0x0037E93A+1173818]
	Ordinal0 [0x0036E616+1107478]
	Ordinal0 [0x00347F89+950153]
	Ordinal0 [0x00348F56+954198]
	GetHandleVerifier [0x00772CB2+3040210]
	GetHandleVerifier [0x00762BB4+2974420]
	GetHandleVerifier [0x00516A0A+565546]
	GetHandleVerifier [0x00515680+560544]
	Ordinal0 [0x00419A5C+1808988]
	Ordinal0 [0x0041E3A8+1827752]
	Ordinal0 [0x0041E495+1827989]
	Ordinal0 [0x004280A4+1867940]
	BaseThreadInitThunk [0x767FFA29+25]
	RtlGetAppContainerNamedObjectPath [0x773D7B5E+286]
	RtlGetAppContainerNamedObjectPath [0x773D7B2E+238]
</msg>
</errors>
</robot>
